<?xml version="1.0" encoding="UTF-8"?>
<testsuite name="com.kodilla.stream.world.WorldTestSuite" tests="1" skipped="0" failures="0" errors="0" timestamp="2021-04-13T13:13:14" hostname="DESKTOP-8LN2CGQ" time="0.004">
  <properties/>
  <testcase name="testGetPeopleQuantity()" classname="com.kodilla.stream.world.WorldTestSuite" time="0.004"/>
  <system-out><![CDATA[]]></system-out>
  <system-err><![CDATA[]]></system-err>
</testsuite>
