<?xml version="1.0" encoding="UTF-8"?>
<testsuite name="com.kodilla.stream.forum.ForumUserTestSuite" tests="2" skipped="0" failures="0" errors="0" timestamp="2021-01-30T12:10:46" hostname="DESKTOP-8LN2CGQ" time="0.003">
  <properties/>
  <testcase name="testGetLocationsOfFriends()" classname="com.kodilla.stream.forum.ForumUserTestSuite" time="0.002"/>
  <testcase name="testGetLocationsOfFriendsOfFriends()" classname="com.kodilla.stream.forum.ForumUserTestSuite" time="0.001"/>
  <system-out><![CDATA[]]></system-out>
  <system-err><![CDATA[]]></system-err>
</testsuite>
