<?xml version="1.0" encoding="UTF-8"?>
<testsuite name="com.kodilla.stream.array.ArrayOperationsTestSuite" tests="1" skipped="0" failures="0" errors="0" timestamp="2021-01-30T12:10:46" hostname="DESKTOP-8LN2CGQ" time="0.02">
  <properties/>
  <testcase name="testGetAverage()" classname="com.kodilla.stream.array.ArrayOperationsTestSuite" time="0.02"/>
  <system-out><![CDATA[7
54
32
2
65
]]></system-out>
  <system-err><![CDATA[]]></system-err>
</testsuite>
