<?xml version="1.0" encoding="UTF-8"?>
<testsuite name="com.kodilla.testing.weather.stub.WeatherForecastTestSuite" tests="1" skipped="0" failures="0" errors="0" timestamp="2021-01-30T12:10:48" hostname="DESKTOP-8LN2CGQ" time="0.0">
  <properties/>
  <testcase name="testCalculateForecastWithStub()" classname="com.kodilla.testing.weather.stub.WeatherForecastTestSuite" time="0.0"/>
  <system-out><![CDATA[]]></system-out>
  <system-err><![CDATA[]]></system-err>
</testsuite>
