<?xml version="1.0" encoding="UTF-8"?>
<testsuite name="TDD:Test suite for task 6.4" tests="5" skipped="0" failures="0" errors="0" timestamp="2021-01-30T12:10:48" hostname="DESKTOP-8LN2CGQ" time="0.005">
  <properties/>
  <testcase name="testShowFigure()" classname="com.kodilla.testing.shape.ShapeCollectorTestSuite" time="0.002"/>
  <testcase name="testRemoveFigure()" classname="com.kodilla.testing.shape.ShapeCollectorTestSuite" time="0.001"/>
  <testcase name="testAddFigure()" classname="com.kodilla.testing.shape.ShapeCollectorTestSuite" time="0.0"/>
  <testcase name="testGetFigure()" classname="com.kodilla.testing.shape.ShapeCollectorTestSuite" time="0.001"/>
  <testcase name="testRemoveFigureNotExisting()" classname="com.kodilla.testing.shape.ShapeCollectorTestSuite" time="0.0"/>
  <system-out><![CDATA[]]></system-out>
  <system-err><![CDATA[]]></system-err>
</testsuite>
