<?xml version="1.0" encoding="UTF-8"?>
<testsuite name="org.junit.jupiter.api.ForumTestSuite" tests="1" skipped="0" failures="0" errors="0" timestamp="2021-01-19T11:32:57" hostname="DESKTOP-8LN2CGQ" time="0.018">
  <properties/>
  <testcase name="testCaseUsername()" classname="org.junit.jupiter.api.ForumTestSuite" time="0.018"/>
  <system-out><![CDATA[]]></system-out>
  <system-err><![CDATA[]]></system-err>
</testsuite>
