<?xml version="1.0" encoding="UTF-8"?>
<testsuite name="com.kodilla.testing.weather.mock.WeatherForecastTestSuite" tests="3" skipped="0" failures="0" errors="0" timestamp="2021-01-30T12:10:48" hostname="DESKTOP-8LN2CGQ" time="0.012">
  <properties/>
  <testcase name="testMedianTemperature()" classname="com.kodilla.testing.weather.mock.WeatherForecastTestSuite" time="0.009"/>
  <testcase name="testAverageTemperature()" classname="com.kodilla.testing.weather.mock.WeatherForecastTestSuite" time="0.001"/>
  <testcase name="testCalculateForecastWithMock()" classname="com.kodilla.testing.weather.mock.WeatherForecastTestSuite" time="0.001"/>
  <system-out><![CDATA[
Preparing to execute test #1
Test Case: begin
Test Case: end

Preparing to execute test #2
Test Case: begin
Test Case: end

Preparing to execute test #3
Test Case: begin
Test Case: end
]]></system-out>
  <system-err><![CDATA[]]></system-err>
</testsuite>
