<?xml version="1.0" encoding="UTF-8"?>
<testsuite name="com.kodilla.patterns.builder.bigmac.BigmacTestSuite" tests="1" skipped="0" failures="0" errors="0" timestamp="2021-07-07T14:31:21" hostname="DESKTOP-8LN2CGQ" time="0.022">
  <properties/>
  <testcase name="testBigmacNew()" classname="com.kodilla.patterns.builder.bigmac.BigmacTestSuite" time="0.022"/>
  <system-out><![CDATA[BigmacBuilder{bun='Sesame', burgers='Double', sauce='Barbecue', ingredients=[Cucumber, Tomato]}
]]></system-out>
  <system-err><![CDATA[]]></system-err>
</testsuite>
