<?xml version="1.0" encoding="UTF-8"?>
<testsuite name="com.kodilla.patterns.singleton.SettingsFileEngineTestSuite" tests="3" skipped="0" failures="0" errors="0" timestamp="2021-07-07T14:31:21" hostname="DESKTOP-8LN2CGQ" time="0.002">
  <properties/>
  <testcase name="testLoadSettings()" classname="com.kodilla.patterns.singleton.SettingsFileEngineTestSuite" time="0.001"/>
  <testcase name="testGetFileName()" classname="com.kodilla.patterns.singleton.SettingsFileEngineTestSuite" time="0.001"/>
  <testcase name="testSaveSetting()" classname="com.kodilla.patterns.singleton.SettingsFileEngineTestSuite" time="0.0"/>
  <system-out><![CDATA[Opening the settings file
Loading settings from file
Opened: myapp.settings
Saving settings to file
Closing the settings file
]]></system-out>
  <system-err><![CDATA[]]></system-err>
</testsuite>
