<?xml version="1.0" encoding="UTF-8"?>
<testsuite name="com.kodilla.patterns.strategy.CustomerTestSuite" tests="2" skipped="0" failures="0" errors="0" timestamp="2021-07-07T14:31:21" hostname="DESKTOP-8LN2CGQ" time="0.002">
  <properties/>
  <testcase name="testIndividualInvestingStrategy()" classname="com.kodilla.patterns.strategy.CustomerTestSuite" time="0.001"/>
  <testcase name="testDefaultInvestingStrategies()" classname="com.kodilla.patterns.strategy.CustomerTestSuite" time="0.0"/>
  <system-out><![CDATA[Steven should: [Conservative predictor]
Steven now should: [Aggressive predictor]
Steven should: [Conservative predictor]
John should [Aggressive predictor]
Kodilla should [Balanced predictor]
]]></system-out>
  <system-err><![CDATA[]]></system-err>
</testsuite>
