<?xml version="1.0" encoding="UTF-8"?>
<testsuite name="com.kodilla.patterns.prototype.library.LibraryTestSuite" tests="1" skipped="0" failures="0" errors="0" timestamp="2021-07-07T14:31:21" hostname="DESKTOP-8LN2CGQ" time="0.012">
  <properties/>
  <testcase name="testGetBooks()" classname="com.kodilla.patterns.prototype.library.LibraryTestSuite" time="0.012"/>
  <system-out><![CDATA[Book [ Library number 1 ]
Book{title='Book4', author='Author4', publicationDate=2021-07-07}
Book{title='Book2', author='Author2', publicationDate=2021-07-07}
Book{title='Book5', author='Author5', publicationDate=2021-07-07}
Book{title='Book1', author='Author1', publicationDate=2021-07-07}
Book{title='Book3', author='Author3', publicationDate=2021-07-07}

Book [ Library number 2 ]
Book{title='Book4', author='Author4', publicationDate=2021-07-07}
Book{title='Book2', author='Author2', publicationDate=2021-07-07}
Book{title='Book5', author='Author5', publicationDate=2021-07-07}
Book{title='Book1', author='Author1', publicationDate=2021-07-07}
Book{title='Book3', author='Author3', publicationDate=2021-07-07}

Book [ Library number 3 ]
Book{title='Book3', author='Author3', publicationDate=2021-07-07}
Book{title='Book4', author='Author4', publicationDate=2021-07-07}
Book{title='Book2', author='Author2', publicationDate=2021-07-07}
Book{title='Book5', author='Author5', publicationDate=2021-07-07}
Book{title='Book1', author='Author1', publicationDate=2021-07-07}

]]></system-out>
  <system-err><![CDATA[]]></system-err>
</testsuite>
