<?xml version="1.0" encoding="UTF-8"?>
<testsuite name="com.kodilla.exception.io.TestSuit" tests="2" skipped="0" failures="0" errors="0" timestamp="2021-04-13T14:08:24" hostname="DESKTOP-8LN2CGQ" time="0.004">
  <properties/>
  <testcase name="testWithAFoundException()" classname="com.kodilla.exception.io.TestSuit" time="0.001"/>
  <testcase name="testReadFile()" classname="com.kodilla.exception.io.TestSuit" time="0.002"/>
  <system-out><![CDATA[]]></system-out>
  <system-err><![CDATA[]]></system-err>
</testsuite>
